# JRE version: Java(TM) SE Runtime Environment (17.0.1+12) (build 17.0.1+12-LTS-39)
# Java VM: Java HotSpot(TM) 64-Bit Server VM (17.0.1+12-LTS-39, mixed mode, sharing, tiered, compressed oops, compressed class ptrs, g1 gc, windows-amd64)
GC Precious Log:
 CPUs: 8 total, 8 available
 Memory: 8025M
 Large Page Support: Disabled
 NUMA Support: Disabled
 Compressed Oops: Enabled (32-bit)
 Heap Region Size: 1M
 Heap Min Capacity: 8M
 Heap Initial Capacity: 126M
 Heap Max Capacity: 2008M
 Pre-touch: Disabled
 Parallel Workers: 8
 Concurrent Workers: 2
 Concurrent Refinement Workers: 8
 Periodic GC: Disabled
Heap:
 garbage-first heap   total 119808K, used 58921K [0x0000000082800000, 0x0000000100000000)
  region size 1024K, 28 young (28672K), 3 survivors (3072K)
 Metaspace       used 76940K, committed 77504K, reserved 1122304K
  class space    used 9914K, committed 10176K, reserved 1048576K
GC Heap History (20 events):
Event: 3.245 GC heap before
{Heap before GC invocations=9 (full 0):
 garbage-first heap   total 96256K, used 69741K [0x0000000082800000, 0x0000000100000000)
  region size 1024K, 56 young (57344K), 1 survivors (1024K)
 Metaspace       used 23360K, committed 23680K, reserved 1073152K
  class space    used 2779K, committed 2944K, reserved 1048576K
}
Event: 3.245 GC heap after
{Heap after GC invocations=10 (full 0):
 garbage-first heap   total 96256K, used 14481K [0x0000000082800000, 0x0000000100000000)
  region size 1024K, 1 young (1024K), 1 survivors (1024K)
 Metaspace       used 23360K, committed 23680K, reserved 1073152K
  class space    used 2779K, committed 2944K, reserved 1048576K
}
Event: 4.133 GC heap before
{Heap before GC invocations=10 (full 0):
 garbage-first heap   total 96256K, used 69777K [0x0000000082800000, 0x0000000100000000)
  region size 1024K, 56 young (57344K), 1 survivors (1024K)
 Metaspace       used 26599K, committed 26944K, reserved 1073152K
  class space    used 3172K, committed 3328K, reserved 1048576K
}
Event: 4.136 GC heap after
{Heap after GC invocations=11 (full 0):
 garbage-first heap   total 96256K, used 17228K [0x0000000082800000, 0x0000000100000000)
  region size 1024K, 3 young (3072K), 3 survivors (3072K)
 Metaspace       used 26599K, committed 26944K, reserved 1073152K
  class space    used 3172K, committed 3328K, reserved 1048576K
}
Event: 5.515 GC heap before
{Heap before GC invocations=11 (full 0):
 garbage-first heap   total 96256K, used 71500K [0x0000000082800000, 0x0000000100000000)
  region size 1024K, 56 young (57344K), 3 survivors (3072K)
 Metaspace       used 34013K, committed 34496K, reserved 1081344K
  class space    used 4109K, committed 4352K, reserved 1048576K
}
Event: 5.520 GC heap after
{Heap after GC invocations=12 (full 0):
 garbage-first heap   total 96256K, used 20573K [0x0000000082800000, 0x0000000100000000)
  region size 1024K, 7 young (7168K), 7 survivors (7168K)
 Metaspace       used 34013K, committed 34496K, reserved 1081344K
  class space    used 4109K, committed 4352K, reserved 1048576K
}
Event: 5.743 GC heap before
{Heap before GC invocations=12 (full 0):
 garbage-first heap   total 96256K, used 28765K [0x0000000082800000, 0x0000000100000000)
  region size 1024K, 16 young (16384K), 7 survivors (7168K)
 Metaspace       used 35538K, committed 35968K, reserved 1081344K
  class space    used 4311K, committed 4544K, reserved 1048576K
}
Event: 5.750 GC heap after
{Heap after GC invocations=13 (full 0):
 garbage-first heap   total 96256K, used 21385K [0x0000000082800000, 0x0000000100000000)
  region size 1024K, 5 young (5120K), 5 survivors (5120K)
 Metaspace       used 35538K, committed 35968K, reserved 1081344K
  class space    used 4311K, committed 4544K, reserved 1048576K
}
Event: 6.216 GC heap before
{Heap before GC invocations=14 (full 0):
 garbage-first heap   total 81920K, used 64393K [0x0000000082800000, 0x0000000100000000)
  region size 1024K, 48 young (49152K), 5 survivors (5120K)
 Metaspace       used 38008K, committed 38400K, reserved 1089536K
  class space    used 4627K, committed 4800K, reserved 1048576K
}
Event: 6.221 GC heap after
{Heap after GC invocations=15 (full 0):
 garbage-first heap   total 81920K, used 22697K [0x0000000082800000, 0x0000000100000000)
  region size 1024K, 3 young (3072K), 3 survivors (3072K)
 Metaspace       used 38008K, committed 38400K, reserved 1089536K
  class space    used 4627K, committed 4800K, reserved 1048576K
}
Event: 6.227 GC heap before
{Heap before GC invocations=15 (full 0):
 garbage-first heap   total 81920K, used 63657K [0x0000000082800000, 0x0000000100000000)
  region size 1024K, 44 young (45056K), 3 survivors (3072K)
 Metaspace       used 38008K, committed 38400K, reserved 1089536K
  class space    used 4627K, committed 4800K, reserved 1048576K
}
Event: 6.230 GC heap after
{Heap after GC invocations=16 (full 0):
 garbage-first heap   total 143360K, used 22722K [0x0000000082800000, 0x0000000100000000)
  region size 1024K, 3 young (3072K), 3 survivors (3072K)
 Metaspace       used 38008K, committed 38400K, reserved 1089536K
  class space    used 4627K, committed 4800K, reserved 1048576K
}
Event: 7.325 GC heap before
{Heap before GC invocations=16 (full 0):
 garbage-first heap   total 143360K, used 104642K [0x0000000082800000, 0x0000000100000000)
  region size 1024K, 84 young (86016K), 3 survivors (3072K)
 Metaspace       used 41665K, committed 42112K, reserved 1089536K
  class space    used 5043K, committed 5248K, reserved 1048576K
}
Event: 7.329 GC heap after
{Heap after GC invocations=17 (full 0):
 garbage-first heap   total 143360K, used 27010K [0x0000000082800000, 0x0000000100000000)
  region size 1024K, 7 young (7168K), 7 survivors (7168K)
 Metaspace       used 41665K, committed 42112K, reserved 1089536K
  class space    used 5043K, committed 5248K, reserved 1048576K
}
Event: 11.667 GC heap before
{Heap before GC invocations=17 (full 0):
 garbage-first heap   total 143360K, used 105858K [0x0000000082800000, 0x0000000100000000)
  region size 1024K, 84 young (86016K), 7 survivors (7168K)
 Metaspace       used 59191K, committed 59648K, reserved 1105920K
  class space    used 7380K, committed 7616K, reserved 1048576K
}
Event: 11.675 GC heap after
{Heap after GC invocations=18 (full 0):
 garbage-first heap   total 143360K, used 31892K [0x0000000082800000, 0x0000000100000000)
  region size 1024K, 11 young (11264K), 11 survivors (11264K)
 Metaspace       used 59191K, committed 59648K, reserved 1105920K
  class space    used 7380K, committed 7616K, reserved 1048576K
}
Event: 11.785 GC heap before
{Heap before GC invocations=18 (full 0):
 garbage-first heap   total 143360K, used 34964K [0x0000000082800000, 0x0000000100000000)
  region size 1024K, 15 young (15360K), 11 survivors (11264K)
 Metaspace       used 59583K, committed 60096K, reserved 1105920K
  class space    used 7428K, committed 7680K, reserved 1048576K
}
Event: 11.792 GC heap after
{Heap after GC invocations=19 (full 0):
 garbage-first heap   total 143360K, used 32085K [0x0000000082800000, 0x0000000100000000)
  region size 1024K, 6 young (6144K), 6 survivors (6144K)
 Metaspace       used 59583K, committed 60096K, reserved 1105920K
  class space    used 7428K, committed 7680K, reserved 1048576K
}
Event: 13.954 GC heap before
{Heap before GC invocations=20 (full 0):
 garbage-first heap   total 119808K, used 96597K [0x0000000082800000, 0x0000000100000000)
  region size 1024K, 70 young (71680K), 6 survivors (6144K)
 Metaspace       used 72752K, committed 73344K, reserved 1114112K
  class space    used 9395K, committed 9664K, reserved 1048576K
}
Event: 13.959 GC heap after
{Heap after GC invocations=21 (full 0):
 garbage-first heap   total 119808K, used 34345K [0x0000000082800000, 0x0000000100000000)
  region size 1024K, 3 young (3072K), 3 survivors (3072K)
 Metaspace       used 72752K, committed 73344K, reserved 1114112K
  class space    used 9395K, committed 9664K, reserved 1048576K
}

