# JRE version: Java(TM) SE Runtime Environment (17.0.1+12) (build 17.0.1+12-LTS-39)
# Java VM: Java HotSpot(TM) 64-Bit Server VM (17.0.1+12-LTS-39, mixed mode, sharing, tiered, compressed oops, compressed class ptrs, g1 gc, windows-amd64)
GC Precious Log:
 CPUs: 8 total, 8 available
 Memory: 8025M
 Large Page Support: Disabled
 NUMA Support: Disabled
 Compressed Oops: Enabled (32-bit)
 Heap Region Size: 1M
 Heap Min Capacity: 8M
 Heap Initial Capacity: 126M
 Heap Max Capacity: 2008M
 Pre-touch: Disabled
 Parallel Workers: 8
 Concurrent Workers: 2
 Concurrent Refinement Workers: 8
 Periodic GC: Disabled
Heap:
 garbage-first heap   total 92160K, used 39976K [0x0000000082800000, 0x0000000100000000)
  region size 1024K, 13 young (13312K), 6 survivors (6144K)
 Metaspace       used 69714K, committed 70400K, reserved 1114112K
  class space    used 9287K, committed 9600K, reserved 1048576K
GC Heap History (20 events):
Event: 12.444 GC heap before
{Heap before GC invocations=8 (full 0):
 garbage-first heap   total 65536K, used 50537K [0x0000000082800000, 0x0000000100000000)
  region size 1024K, 38 young (38912K), 5 survivors (5120K)
 Metaspace       used 25609K, committed 26048K, reserved 1073152K
  class space    used 3245K, committed 3456K, reserved 1048576K
}
Event: 12.451 GC heap after
{Heap after GC invocations=9 (full 0):
 garbage-first heap   total 65536K, used 18766K [0x0000000082800000, 0x0000000100000000)
  region size 1024K, 5 young (5120K), 5 survivors (5120K)
 Metaspace       used 25609K, committed 26048K, reserved 1073152K
  class space    used 3245K, committed 3456K, reserved 1048576K
}
Event: 14.921 GC heap before
{Heap before GC invocations=9 (full 0):
 garbage-first heap   total 65536K, used 48462K [0x0000000082800000, 0x0000000100000000)
  region size 1024K, 35 young (35840K), 5 survivors (5120K)
 Metaspace       used 31162K, committed 31616K, reserved 1081344K
  class space    used 3972K, committed 4224K, reserved 1048576K
}
Event: 14.930 GC heap after
{Heap after GC invocations=10 (full 0):
 garbage-first heap   total 65536K, used 21415K [0x0000000082800000, 0x0000000100000000)
  region size 1024K, 5 young (5120K), 5 survivors (5120K)
 Metaspace       used 31162K, committed 31616K, reserved 1081344K
  class space    used 3972K, committed 4224K, reserved 1048576K
}
Event: 14.936 GC heap before
{Heap before GC invocations=10 (full 0):
 garbage-first heap   total 65536K, used 48039K [0x0000000082800000, 0x0000000100000000)
  region size 1024K, 32 young (32768K), 5 survivors (5120K)
 Metaspace       used 31162K, committed 31616K, reserved 1081344K
  class space    used 3972K, committed 4224K, reserved 1048576K
}
Event: 14.942 GC heap after
{Heap after GC invocations=11 (full 0):
 garbage-first heap   total 65536K, used 21514K [0x0000000082800000, 0x0000000100000000)
  region size 1024K, 1 young (1024K), 1 survivors (1024K)
 Metaspace       used 31162K, committed 31616K, reserved 1081344K
  class space    used 3972K, committed 4224K, reserved 1048576K
}
Event: 14.948 GC heap before
{Heap before GC invocations=11 (full 0):
 garbage-first heap   total 65536K, used 49162K [0x0000000082800000, 0x0000000100000000)
  region size 1024K, 29 young (29696K), 1 survivors (1024K)
 Metaspace       used 31162K, committed 31616K, reserved 1081344K
  class space    used 3972K, committed 4224K, reserved 1048576K
}
Event: 14.949 GC heap after
{Heap after GC invocations=12 (full 0):
 garbage-first heap   total 159744K, used 21540K [0x0000000082800000, 0x0000000100000000)
  region size 1024K, 1 young (1024K), 1 survivors (1024K)
 Metaspace       used 31162K, committed 31616K, reserved 1081344K
  class space    used 3972K, committed 4224K, reserved 1048576K
}
Event: 19.113 GC heap before
{Heap before GC invocations=12 (full 0):
 garbage-first heap   total 159744K, used 114724K [0x0000000082800000, 0x0000000100000000)
  region size 1024K, 93 young (95232K), 1 survivors (1024K)
 Metaspace       used 35160K, committed 35648K, reserved 1081344K
  class space    used 4424K, committed 4672K, reserved 1048576K
}
Event: 19.118 GC heap after
{Heap after GC invocations=13 (full 0):
 garbage-first heap   total 159744K, used 24741K [0x0000000082800000, 0x0000000100000000)
  region size 1024K, 4 young (4096K), 4 survivors (4096K)
 Metaspace       used 35160K, committed 35648K, reserved 1081344K
  class space    used 4424K, committed 4672K, reserved 1048576K
}
Event: 19.287 GC heap before
{Heap before GC invocations=13 (full 0):
 garbage-first heap   total 159744K, used 28837K [0x0000000082800000, 0x0000000100000000)
  region size 1024K, 9 young (9216K), 4 survivors (4096K)
 Metaspace       used 35634K, committed 36096K, reserved 1081344K
  class space    used 4486K, committed 4736K, reserved 1048576K
}
Event: 19.294 GC heap after
{Heap after GC invocations=14 (full 0):
 garbage-first heap   total 159744K, used 25098K [0x0000000082800000, 0x0000000100000000)
  region size 1024K, 4 young (4096K), 4 survivors (4096K)
 Metaspace       used 35634K, committed 36096K, reserved 1081344K
  class space    used 4486K, committed 4736K, reserved 1048576K
}
Event: 22.806 GC heap before
{Heap before GC invocations=15 (full 0):
 garbage-first heap   total 92160K, used 76298K [0x0000000082800000, 0x0000000100000000)
  region size 1024K, 54 young (55296K), 4 survivors (4096K)
 Metaspace       used 50582K, committed 51200K, reserved 1097728K
  class space    used 6515K, committed 6848K, reserved 1048576K
}
Event: 22.812 GC heap after
{Heap after GC invocations=16 (full 0):
 garbage-first heap   total 92160K, used 28633K [0x0000000082800000, 0x0000000100000000)
  region size 1024K, 7 young (7168K), 7 survivors (7168K)
 Metaspace       used 50582K, committed 51200K, reserved 1097728K
  class space    used 6515K, committed 6848K, reserved 1048576K
}
Event: 24.032 GC heap before
{Heap before GC invocations=16 (full 0):
 garbage-first heap   total 92160K, used 71641K [0x0000000082800000, 0x0000000100000000)
  region size 1024K, 49 young (50176K), 7 survivors (7168K)
 Metaspace       used 59344K, committed 59904K, reserved 1105920K
  class space    used 7731K, committed 8000K, reserved 1048576K
}
Event: 24.040 GC heap after
{Heap after GC invocations=17 (full 0):
 garbage-first heap   total 92160K, used 30689K [0x0000000082800000, 0x0000000100000000)
  region size 1024K, 6 young (6144K), 6 survivors (6144K)
 Metaspace       used 59344K, committed 59904K, reserved 1105920K
  class space    used 7731K, committed 8000K, reserved 1048576K
}
Event: 24.093 GC heap before
{Heap before GC invocations=17 (full 0):
 garbage-first heap   total 92160K, used 32737K [0x0000000082800000, 0x0000000100000000)
  region size 1024K, 9 young (9216K), 6 survivors (6144K)
 Metaspace       used 59742K, committed 60288K, reserved 1105920K
  class space    used 7817K, committed 8128K, reserved 1048576K
}
Event: 24.099 GC heap after
{Heap after GC invocations=18 (full 0):
 garbage-first heap   total 92160K, used 30886K [0x0000000082800000, 0x0000000100000000)
  region size 1024K, 3 young (3072K), 3 survivors (3072K)
 Metaspace       used 59742K, committed 60288K, reserved 1105920K
  class space    used 7817K, committed 8128K, reserved 1048576K
}
Event: 26.246 GC heap before
{Heap before GC invocations=19 (full 0):
 garbage-first heap   total 92160K, used 73894K [0x0000000082800000, 0x0000000100000000)
  region size 1024K, 45 young (46080K), 3 survivors (3072K)
 Metaspace       used 67922K, committed 68480K, reserved 1114112K
  class space    used 9075K, committed 9344K, reserved 1048576K
}
Event: 26.253 GC heap after
{Heap after GC invocations=20 (full 0):
 garbage-first heap   total 92160K, used 33832K [0x0000000082800000, 0x0000000100000000)
  region size 1024K, 6 young (6144K), 6 survivors (6144K)
 Metaspace       used 67922K, committed 68480K, reserved 1114112K
  class space    used 9075K, committed 9344K, reserved 1048576K
}

